<?xml version="1.0" encoding="UTF-8"?>
<!-- Generated by org.testng.reporters.JUnitXMLReporter -->
<testsuite ignored="0" hostname="WKWZTM099vIwucL" failures="0" tests="25" name="Test" time="102.39" errors="0" timestamp="2022-11-27T23:19:37 IST">
  <testcase classname="day3.LoginVerification" name="@BeforeClass setup" time="12.729">
    <failure type="org.openqa.selenium.TimeoutException" message="timeout: Timed out receiving message from renderer: 9.392
  (Session info: chrome=107.0.5304.107)
Build info: version: &amp;apos;4.6.0&amp;apos;, revision: &amp;apos;79f1c02ae20&amp;apos;
System info: os.name: &amp;apos;Windows 11&amp;apos;, os.arch: &amp;apos;amd64&amp;apos;, os.version: &amp;apos;10.0&amp;apos;, java.version: &amp;apos;17.0.5&amp;apos;
Driver info: org.openqa.selenium.chrome.ChromeDriver
Command: [05573108ccf26c0b768e12f636c5cdc6, get {url=http://137.184.76.209/orangehrm-4.9/symfony/web/index.php/auth/login}]
Capabilities {acceptInsecureCerts: false, browserName: chrome, browserVersion: 107.0.5304.107, chrome: {chromedriverVersion: 107.0.5304.62 (1eec40d3a576..., userDataDir: C:\Users\PAWKUM~1\AppData\L...}, goog:chromeOptions: {debuggerAddress: localhost:54807}, networkConnectionEnabled: false, pageLoadStrategy: normal, platformName: WINDOWS, proxy: Proxy(), se:cdp: ws://localhost:54807/devtoo..., se:cdpVersion: 107.0.5304.107, setWindowRect: true, strictFileInteractability: false, timeouts: {implicit: 0, pageLoad: 300000, script: 30000}, unhandledPromptBehavior: dismiss and notify, webauthn:extension:credBlob: true, webauthn:extension:largeBlob: true, webauthn:virtualAuthenticators: true}
Session ID: 05573108ccf26c0b768e12f636c5cdc6">
      <![CDATA[org.openqa.selenium.TimeoutException: timeout: Timed out receiving message from renderer: 9.392
  (Session info: chrome=107.0.5304.107)
Build info: version: '4.6.0', revision: '79f1c02ae20'
System info: os.name: 'Windows 11', os.arch: 'amd64', os.version: '10.0', java.version: '17.0.5'
Driver info: org.openqa.selenium.chrome.ChromeDriver
Command: [05573108ccf26c0b768e12f636c5cdc6, get {url=http://137.184.76.209/orangehrm-4.9/symfony/web/index.php/auth/login}]
Capabilities {acceptInsecureCerts: false, browserName: chrome, browserVersion: 107.0.5304.107, chrome: {chromedriverVersion: 107.0.5304.62 (1eec40d3a576..., userDataDir: C:\Users\PAWKUM~1\AppData\L...}, goog:chromeOptions: {debuggerAddress: localhost:54807}, networkConnectionEnabled: false, pageLoadStrategy: normal, platformName: WINDOWS, proxy: Proxy(), se:cdp: ws://localhost:54807/devtoo..., se:cdpVersion: 107.0.5304.107, setWindowRect: true, strictFileInteractability: false, timeouts: {implicit: 0, pageLoad: 300000, script: 30000}, unhandledPromptBehavior: dismiss and notify, webauthn:extension:credBlob: true, webauthn:extension:largeBlob: true, webauthn:virtualAuthenticators: true}
Session ID: 05573108ccf26c0b768e12f636c5cdc6
at org.openqa.selenium.remote.codec.w3c.W3CHttpResponseCodec.createException(W3CHttpResponseCodec.java:200)
at org.openqa.selenium.remote.codec.w3c.W3CHttpResponseCodec.decode(W3CHttpResponseCodec.java:133)
at org.openqa.selenium.remote.codec.w3c.W3CHttpResponseCodec.decode(W3CHttpResponseCodec.java:53)
at org.openqa.selenium.remote.HttpCommandExecutor.execute(HttpCommandExecutor.java:184)
at org.openqa.selenium.remote.service.DriverCommandExecutor.invokeExecute(DriverCommandExecutor.java:167)
at org.openqa.selenium.remote.service.DriverCommandExecutor.execute(DriverCommandExecutor.java:142)
at org.openqa.selenium.remote.RemoteWebDriver.execute(RemoteWebDriver.java:541)
at org.openqa.selenium.remote.RemoteWebDriver.get(RemoteWebDriver.java:310)
at day3.LoginVerification.setup(LoginVerification.java:24)
at java.base/java.util.concurrent.ThreadPoolExecutor.runWorker(ThreadPoolExecutor.java:1136)
at java.base/java.util.concurrent.ThreadPoolExecutor$Worker.run(ThreadPoolExecutor.java:635)
at java.base/java.lang.Thread.run(Thread.java:833)
... Removed 15 stack frames]]>
    </failure>
  </testcase> <!-- @BeforeClass setup -->
  <testcase classname="day3.LoginVerification" name="@AfterClass teardown" time="-1.669571341488E9">
    <skipped/>
  </testcase> <!-- @AfterClass teardown -->
  <testcase classname="day3.TestNG1" name="createAccount" time="0.011"/>
  <testcase classname="day3.AssertionDemo" name="test1" time="0.016"/>
  <testcase classname="day3.TestNG1" name="deleteAccount" time="0.002"/>
  <testcase classname="day3.AssertionDemo" name="test2" time="0.002"/>
  <testcase classname="day3.TestNG1" name="logoutAccount" time="0.003"/>
  <testcase classname="day3.TestNG1" name="login" time="0.001"/>
  <testcase classname="day1.MyFirstSeleniumScript3" name="test2" time="7.196"/>
  <testcase classname="day3.Ineuron" name="test22" time="7.27"/>
  <testcase classname="day3.AssertionDemo" name="test3" time="0.002"/>
  <testcase classname="day1.MyFirstSeleniumScript" name="test" time="11.655"/>
  <testcase classname="day1.MyFirstSeleniumScript4" name="test3" time="7.539"/>
  <testcase classname="day2.AlertHandling" name="test5" time="6.035"/>
  <testcase classname="day2.Calender" name="test6" time="10.02"/>
  <testcase classname="day2.HandleAutoSuggestion" name="test7" time="22.762"/>
  <testcase classname="day2.HandleDynamicElements" name="test8" time="23.687"/>
  <testcase classname="day1.Orange" name="test4" time="46.636"/>
  <testcase classname="day1.Facebook" name="xtest" time="14.191"/>
  <testcase classname="day3.LoginTest" name="verifyForgetPassword" time="0.093"/>
  <testcase classname="day3.LoginVerification" name="emptyUsernamePassword" time="0.0">
    <skipped/>
  </testcase> <!-- emptyUsernamePassword -->
  <testcase classname="day3.LoginVerification" name="emptyPassword" time="0.0">
    <skipped/>
  </testcase> <!-- emptyPassword -->
  <testcase classname="day3.LoginVerification" name="emptyUsername" time="0.0">
    <skipped/>
  </testcase> <!-- emptyUsername -->
  <testcase classname="day3.LoginVerification" name="invalidCredintial" time="0.0">
    <skipped/>
  </testcase> <!-- invalidCredintial -->
  <testcase classname="day3.LoginTest" name="verifySocialMediaCount" time="0.027"/>
  <testcase classname="day3.LoginTest" name="verifyTitle" time="0.011"/>
  <testcase classname="day3.LoginTest" name="verifyUrl" time="0.007"/>
</testsuite> <!-- Test -->
