<?xml version="1.0" encoding="UTF-8"?>
<!-- Generated by org.testng.reporters.JUnitXMLReporter -->
<testsuite ignored="0" hostname="WKWZTeW08v41NWG" failures="1" tests="15" name="Smoke" time="20.828" errors="0" timestamp="2022-11-22T16:56:30 IST">
  <testcase classname="day3.LoginTest" name="verifyForgetPassword" time="0.05"/>
  <testcase classname="day3.LoginTest" name="verifySocialMediaCount" time="0.017"/>
  <testcase classname="day3.LoginTest" name="verifyTitle" time="0.009"/>
  <testcase classname="day3.LoginTest" name="verifyUrl" time="0.008"/>
  <testcase classname="day3.TestNG1" name="createAccount" time="0.001"/>
  <testcase classname="day3.TestNG1" name="deleteAccount" time="0.001"/>
  <testcase classname="day3.TestNG1" name="logoutAccount" time="0.0"/>
  <testcase classname="day3.TestNG1" name="login" time="0.0"/>
  <testcase classname="day3.AssertionDemo" name="test1" time="0.0"/>
  <testcase classname="day3.AssertionDemo" name="test2" time="0.001">
    <failure type="java.lang.AssertionError" message="Count Mismatched expected [13] but found [12]">
      <![CDATA[java.lang.AssertionError: Count Mismatched expected [13] but found [12]
at day3.AssertionDemo.test2(AssertionDemo.java:13)
at java.base/java.util.ArrayList.forEach(ArrayList.java:1541)
... Removed 32 stack frames]]>
    </failure>
  </testcase> <!-- test2 -->
  <testcase classname="day3.AssertionDemo" name="test3" time="0.0">
    <skipped/>
  </testcase> <!-- test3 -->
  <testcase classname="day3.LoginVerification" name="emptyUsernamePassword" time="0.094"/>
  <testcase classname="day3.LoginVerification" name="emptyPassword" time="0.131"/>
  <testcase classname="day3.LoginVerification" name="emptyUsername" time="0.144"/>
  <testcase classname="day3.LoginVerification" name="invalidCredintial" time="0.589"/>
</testsuite> <!-- Smoke -->
